<?xml version="1.0" encoding="UTF-8"?>
<!-- Generated by org.testng.reporters.JUnitXMLReporter -->
<testsuite ignored="0" hostname="DESKTOP-RBDDJUE" failures="1" tests="1" name="selenium-framework" time="4.413" errors="0" timestamp="2025-10-03T17:53:24 BRT">
  <testcase classname="tests.LoginTest" name="testValidLogin" time="2.14">
    <failure type="java.lang.AssertionError" message="expected [Dashboard / nopcommerce administration] but found [Dashboard / nopCommerce administration]">
      <![CDATA[java.lang.AssertionError: expected [Dashboard / nopcommerce administration] but found [Dashboard / nopCommerce administration]
at tests.LoginTest.testValidLogin(LoginTest.java:31)
at java.base/java.util.ArrayList.forEach(ArrayList.java:1596)
at com.intellij.rt.testng.IDEARemoteTestNG.run(IDEARemoteTestNG.java:65)
at com.intellij.rt.testng.RemoteTestNGStarter.main(RemoteTestNGStarter.java:105)
... Removed 28 stack frames]]>
    </failure>
  </testcase> <!-- testValidLogin -->
</testsuite> <!-- selenium-framework -->
