<?xml version="1.0" encoding="UTF-8"?>
<testng-results ignored="0" total="1" passed="1" failed="0" skipped="0">
  <reporter-output>
  </reporter-output>
  <suite started-at="2025-09-29T19:36:04 BRT" name="Default Suite" finished-at="2025-09-29T19:36:07 BRT" duration-ms="3415">
    <groups>
    </groups>
    <test started-at="2025-09-29T19:36:04 BRT" name="selenium-framework" finished-at="2025-09-29T19:36:07 BRT" duration-ms="3415">
      <class name="tests.LoginTest">
        <test-method is-config="true" signature="setUp()[pri:0, instance:tests.LoginTest@158da8e]" started-at="2025-09-29T19:36:04 BRT" name="setUp" finished-at="2025-09-29T19:36:05 BRT" duration-ms="1425" status="PASS">
          <reporter-output>
          </reporter-output>
        </test-method> <!-- setUp -->
        <test-method signature="testValidLogin()[pri:0, instance:tests.LoginTest@158da8e]" started-at="2025-09-29T19:36:05 BRT" name="testValidLogin" finished-at="2025-09-29T19:36:07 BRT" duration-ms="1968" status="PASS">
          <reporter-output>
          </reporter-output>
        </test-method> <!-- testValidLogin -->
        <test-method is-config="true" signature="tearDown()[pri:0, instance:tests.LoginTest@158da8e]" started-at="2025-09-29T19:36:07 BRT" name="tearDown" finished-at="2025-09-29T19:36:07 BRT" duration-ms="0" status="PASS">
          <reporter-output>
          </reporter-output>
        </test-method> <!-- tearDown -->
      </class> <!-- tests.LoginTest -->
    </test> <!-- selenium-framework -->
  </suite> <!-- Default Suite -->
</testng-results>
